Riverbraid-Core: 1874b3c
Riverbraid-Crypto-Gold: 21476ef
Riverbraid-Safety-Gold: cb37c01
Riverbraid-Temporal-Gold: 6fc8106
Riverbraid-Harness-Gold: f2f3ec7
Riverbraid-Integration-Gold: 123d4f3
Riverbraid-Interface-Gold: c63bcc4
Riverbraid-Vision-Gold: 319dcc4
Riverbraid-Audio-Gold: 44f8f3c
Riverbraid-Action-Gold: 5c972a9
Riverbraid-Cognition: 7fef846
Riverbraid-Memory-Gold: 416c7c9
Riverbraid-Judicial-Gold: 59cdbfb
Riverbraid-Refusal-Gold: 28b1d42
Riverbraid-GPG-Gold: 4379d9c
Riverbraid-Manifest-Gold: 9708659
Riverbraid-Lite: b867f15
Riverbraid-p5: e6ccc5a
Riverbraid-Lang: f4716be
Riverbraid-Hydra: 0c8df8d
Riverbraid-Golds: 295cd4d
riverbraid-ssg: 1af3c13
